# JRE version: OpenJDK Runtime Environment (11.0.13) (build 11.0.13+0-b1751.21-8125866)
# Java VM: OpenJDK 64-Bit Server VM (11.0.13+0-b1751.21-8125866, mixed mode, tiered, compressed oops, g1 gc, windows-amd64)
Heap:
 garbage-first heap   total 131072K, used 28010K [0x0000000080000000, 0x0000000100000000)
  region size 1024K, 14 young (14336K), 2 survivors (2048K)
 Metaspace       used 22286K, capacity 22823K, committed 23216K, reserved 1069056K
  class space    used 2754K, capacity 2947K, committed 3072K, reserved 1048576K
GC Heap History (6 events):
Event: 1.648 GC heap before
{Heap before GC invocations=0 (full 0):
 garbage-first heap   total 131072K, used 16384K [0x0000000080000000, 0x0000000100000000)
  region size 1024K, 14 young (14336K), 0 survivors (0K)
 Metaspace       used 6745K, capacity 6993K, committed 7168K, reserved 1056768K
  class space    used 572K, capacity 650K, committed 768K, reserved 1048576K
}
Event: 1.654 GC heap after
{Heap after GC invocations=1 (full 0):
 garbage-first heap   total 131072K, used 4437K [0x0000000080000000, 0x0000000100000000)
  region size 1024K, 2 young (2048K), 2 survivors (2048K)
 Metaspace       used 6745K, capacity 6993K, committed 7168K, reserved 1056768K
  class space    used 572K, capacity 650K, committed 768K, reserved 1048576K
}
Event: 10.011 GC heap before
{Heap before GC invocations=1 (full 0):
 garbage-first heap   total 131072K, used 83285K [0x0000000080000000, 0x0000000100000000)
  region size 1024K, 76 young (77824K), 2 survivors (2048K)
 Metaspace       used 16548K, capacity 16913K, committed 17152K, reserved 1064960K
  class space    used 1864K, capacity 2002K, committed 2048K, reserved 1048576K
}
Event: 10.047 GC heap after
{Heap after GC invocations=2 (full 0):
 garbage-first heap   total 131072K, used 15437K [0x0000000080000000, 0x0000000100000000)
  region size 1024K, 10 young (10240K), 10 survivors (10240K)
 Metaspace       used 16548K, capacity 16913K, committed 17152K, reserved 1064960K
  class space    used 1864K, capacity 2002K, committed 2048K, reserved 1048576K
}
Event: 12.503 GC heap before
{Heap before GC invocations=2 (full 0):
 garbage-first heap   total 131072K, used 50253K [0x0000000080000000, 0x0000000100000000)
  region size 1024K, 45 young (46080K), 10 survivors (10240K)
 Metaspace       used 20766K, capacity 21157K, committed 21296K, reserved 1069056K
  class space    used 2509K, capacity 2663K, committed 2688K, reserved 1048576K
}
Event: 12.521 GC heap after
{Heap after GC invocations=3 (full 0):
 garbage-first heap   total 131072K, used 16746K [0x0000000080000000, 0x0000000100000000)
  region size 1024K, 2 young (2048K), 2 survivors (2048K)
 Metaspace       used 20766K, capacity 21157K, committed 21296K, reserved 1069056K
  class space    used 2509K, capacity 2663K, committed 2688K, reserved 1048576K
}

